This is pdfTeX, Version 3.141592653-2.6-1.40.24 (MiKTeX 23.1) (preloaded format=pdflatex 2023.4.8)  11 APR 2023 20:58
entering extended mode
 restricted \write18 enabled.
 %&-line parsing enabled.
**./rapport.tex
(rapport.tex
LaTeX2e <2022-11-01> patch level 1
L3 programming layer <2023-03-30>
(C:\Users\Perso\AppData\Local\Programs\MiKTeX\tex/latex/base\article.cls
Document Class: article 2022/07/02 v1.4n Standard LaTeX document class
(C:\Users\Perso\AppData\Local\Programs\MiKTeX\tex/latex/base\size12.clo
File: size12.clo 2022/07/02 v1.4n Standard LaTeX file (size option)
)
\c@part=\count185
\c@section=\count186
\c@subsection=\count187
\c@subsubsection=\count188
\c@paragraph=\count189
\c@subparagraph=\count190
\c@figure=\count191
\c@table=\count192
\abovecaptionskip=\skip48
\belowcaptionskip=\skip49
\bibindent=\dimen140
)
(C:\Users\Perso\AppData\Local\Programs\MiKTeX\tex/latex/base\inputenc.sty
Package: inputenc 2021/02/14 v1.3d Input encoding file
\inpenc@prehook=\toks16
\inpenc@posthook=\toks17
)
(C:\Users\Perso\AppData\Local\Programs\MiKTeX\tex/latex/base\fontenc.sty
Package: fontenc 2021/04/29 v2.0v Standard LaTeX package
)
(C:\Users\Perso\AppData\Local\Programs\MiKTeX\tex/latex/lm\lmodern.sty
Package: lmodern 2015/05/01 v1.6.1 Latin Modern Fonts
LaTeX Font Info:    Overwriting symbol font `operators' in version `normal'
(Font)                  OT1/cmr/m/n --> OT1/lmr/m/n on input line 22.
LaTeX Font Info:    Overwriting symbol font `letters' in version `normal'
(Font)                  OML/cmm/m/it --> OML/lmm/m/it on input line 23.
LaTeX Font Info:    Overwriting symbol font `symbols' in version `normal'
(Font)                  OMS/cmsy/m/n --> OMS/lmsy/m/n on input line 24.
LaTeX Font Info:    Overwriting symbol font `largesymbols' in version `normal'
(Font)                  OMX/cmex/m/n --> OMX/lmex/m/n on input line 25.
LaTeX Font Info:    Overwriting symbol font `operators' in version `bold'
(Font)                  OT1/cmr/bx/n --> OT1/lmr/bx/n on input line 26.
LaTeX Font Info:    Overwriting symbol font `letters' in version `bold'
(Font)                  OML/cmm/b/it --> OML/lmm/b/it on input line 27.
LaTeX Font Info:    Overwriting symbol font `symbols' in version `bold'
(Font)                  OMS/cmsy/b/n --> OMS/lmsy/b/n on input line 28.
LaTeX Font Info:    Overwriting symbol font `largesymbols' in version `bold'
(Font)                  OMX/cmex/m/n --> OMX/lmex/m/n on input line 29.
LaTeX Font Info:    Overwriting math alphabet `\mathbf' in version `normal'
(Font)                  OT1/cmr/bx/n --> OT1/lmr/bx/n on input line 31.
LaTeX Font Info:    Overwriting math alphabet `\mathsf' in version `normal'
(Font)                  OT1/cmss/m/n --> OT1/lmss/m/n on input line 32.
LaTeX Font Info:    Overwriting math alphabet `\mathit' in version `normal'
(Font)                  OT1/cmr/m/it --> OT1/lmr/m/it on input line 33.
LaTeX Font Info:    Overwriting math alphabet `\mathtt' in version `normal'
(Font)                  OT1/cmtt/m/n --> OT1/lmtt/m/n on input line 34.
LaTeX Font Info:    Overwriting math alphabet `\mathbf' in version `bold'
(Font)                  OT1/cmr/bx/n --> OT1/lmr/bx/n on input line 35.
LaTeX Font Info:    Overwriting math alphabet `\mathsf' in version `bold'
(Font)                  OT1/cmss/bx/n --> OT1/lmss/bx/n on input line 36.
LaTeX Font Info:    Overwriting math alphabet `\mathit' in version `bold'
(Font)                  OT1/cmr/bx/it --> OT1/lmr/bx/it on input line 37.
LaTeX Font Info:    Overwriting math alphabet `\mathtt' in version `bold'
(Font)                  OT1/cmtt/m/n --> OT1/lmtt/m/n on input line 38.
)
(C:\Users\Perso\AppData\Local\Programs\MiKTeX\tex/latex/geometry\geometry.sty
Package: geometry 2020/01/02 v5.9 Page Geometry

(C:\Users\Perso\AppData\Local\Programs\MiKTeX\tex/latex/graphics\keyval.sty
Package: keyval 2022/05/29 v1.15 key=value parser (DPC)
\KV@toks@=\toks18
)
(C:\Users\Perso\AppData\Local\Programs\MiKTeX\tex/generic/iftex\ifvtex.sty
Package: ifvtex 2019/10/25 v1.7 ifvtex legacy package. Use iftex instead.

(C:\Users\Perso\AppData\Local\Programs\MiKTeX\tex/generic/iftex\iftex.sty
Package: iftex 2022/02/03 v1.0f TeX engine tests
))
\Gm@cnth=\count193
\Gm@cntv=\count194
\c@Gm@tempcnt=\count195
\Gm@bindingoffset=\dimen141
\Gm@wd@mp=\dimen142
\Gm@odd@mp=\dimen143
\Gm@even@mp=\dimen144
\Gm@layoutwidth=\dimen145
\Gm@layoutheight=\dimen146
\Gm@layouthoffset=\dimen147
\Gm@layoutvoffset=\dimen148
\Gm@dimlist=\toks19

(C:\Users\Perso\AppData\Local\Programs\MiKTeX\tex/latex/geometry\geometry.cfg))
(C:\Users\Perso\AppData\Local\Programs\MiKTeX\tex/latex/amsmath\amsmath.sty
Package: amsmath 2022/04/08 v2.17n AMS math features
\@mathmargin=\skip50

For additional information on amsmath, use the `?' option.
(C:\Users\Perso\AppData\Local\Programs\MiKTeX\tex/latex/amsmath\amstext.sty
Package: amstext 2021/08/26 v2.01 AMS text

(C:\Users\Perso\AppData\Local\Programs\MiKTeX\tex/latex/amsmath\amsgen.sty
File: amsgen.sty 1999/11/30 v2.0 generic functions
\@emptytoks=\toks20
\ex@=\dimen149
))
(C:\Users\Perso\AppData\Local\Programs\MiKTeX\tex/latex/amsmath\amsbsy.sty
Package: amsbsy 1999/11/29 v1.2d Bold Symbols
\pmbraise@=\dimen150
)
(C:\Users\Perso\AppData\Local\Programs\MiKTeX\tex/latex/amsmath\amsopn.sty
Package: amsopn 2022/04/08 v2.04 operator names
)
\inf@bad=\count196
LaTeX Info: Redefining \frac on input line 234.
\uproot@=\count197
\leftroot@=\count198
LaTeX Info: Redefining \overline on input line 399.
LaTeX Info: Redefining \colon on input line 410.
\classnum@=\count199
\DOTSCASE@=\count266
LaTeX Info: Redefining \ldots on input line 496.
LaTeX Info: Redefining \dots on input line 499.
LaTeX Info: Redefining \cdots on input line 620.
\Mathstrutbox@=\box51
\strutbox@=\box52
LaTeX Info: Redefining \big on input line 722.
LaTeX Info: Redefining \Big on input line 723.
LaTeX Info: Redefining \bigg on input line 724.
LaTeX Info: Redefining \Bigg on input line 725.
\big@size=\dimen151
LaTeX Font Info:    Redeclaring font encoding OML on input line 743.
LaTeX Font Info:    Redeclaring font encoding OMS on input line 744.
\macc@depth=\count267
LaTeX Info: Redefining \bmod on input line 905.
LaTeX Info: Redefining \pmod on input line 910.
LaTeX Info: Redefining \smash on input line 940.
LaTeX Info: Redefining \relbar on input line 970.
LaTeX Info: Redefining \Relbar on input line 971.
\c@MaxMatrixCols=\count268
\dotsspace@=\muskip16
\c@parentequation=\count269
\dspbrk@lvl=\count270
\tag@help=\toks21
\row@=\count271
\column@=\count272
\maxfields@=\count273
\andhelp@=\toks22
\eqnshift@=\dimen152
\alignsep@=\dimen153
\tagshift@=\dimen154
\tagwidth@=\dimen155
\totwidth@=\dimen156
\lineht@=\dimen157
\@envbody=\toks23
\multlinegap=\skip51
\multlinetaggap=\skip52
\mathdisplay@stack=\toks24
LaTeX Info: Redefining \[ on input line 2953.
LaTeX Info: Redefining \] on input line 2954.
)
(C:\Users\Perso\AppData\Local\Programs\MiKTeX\tex/latex/amsfonts\amssymb.sty
Package: amssymb 2013/01/14 v3.01 AMS font symbols

(C:\Users\Perso\AppData\Local\Programs\MiKTeX\tex/latex/amsfonts\amsfonts.sty
Package: amsfonts 2013/01/14 v3.01 Basic AMSFonts support
\symAMSa=\mathgroup4
\symAMSb=\mathgroup5
LaTeX Font Info:    Redeclaring math symbol \hbar on input line 98.
LaTeX Font Info:    Overwriting math alphabet `\mathfrak' in version `bold'
(Font)                  U/euf/m/n --> U/euf/b/n on input line 106.
)) (C:\Users\Perso\AppData\Local\Programs\MiKTeX\tex/latex/amscls\amsthm.sty
Package: amsthm 2020/05/29 v2.20.6
\thm@style=\toks25
\thm@bodyfont=\toks26
\thm@headfont=\toks27
\thm@notefont=\toks28
\thm@headpunct=\toks29
\thm@preskip=\skip53
\thm@postskip=\skip54
\thm@headsep=\skip55
\dth@everypar=\toks30
)
(C:\Users\Perso\AppData\Local\Programs\MiKTeX\tex/latex/fancyhdr\fancyhdr.sty
Package: fancyhdr 2022/11/09 v4.1 Extensive control of page headers and footers

\f@nch@headwidth=\skip56
\f@nch@O@elh=\skip57
\f@nch@O@erh=\skip58
\f@nch@O@olh=\skip59
\f@nch@O@orh=\skip60
\f@nch@O@elf=\skip61
\f@nch@O@erf=\skip62
\f@nch@O@olf=\skip63
\f@nch@O@orf=\skip64
)
(C:\Users\Perso\AppData\Local\Programs\MiKTeX\tex/latex/lastpage\lastpage.sty
Package: lastpage 2023/03/07 v2.0a lastpage: 2.09 or 2e? (HMM)

(C:\Users\Perso\AppData\Local\Programs\MiKTeX\tex/latex/lastpage\lastpage2e.sty
Package: lastpage2e 2023/03/07 v2.0a Decide which 2e lastpage version to use (H
MM)

(C:\Users\Perso\AppData\Local\Programs\MiKTeX\tex/latex/lastpage\lastpagemodern
.sty
Package: lastpagemodern 2023-03-07 v2.0a Refers to last page's name (HMM; JPG)
) 
))
(C:\Users\Perso\AppData\Local\Programs\MiKTeX\tex/latex/graphics\graphicx.sty
Package: graphicx 2021/09/16 v1.2d Enhanced LaTeX Graphics (DPC,SPQR)

(C:\Users\Perso\AppData\Local\Programs\MiKTeX\tex/latex/graphics\graphics.sty
Package: graphics 2022/03/10 v1.4e Standard LaTeX Graphics (DPC,SPQR)

(C:\Users\Perso\AppData\Local\Programs\MiKTeX\tex/latex/graphics\trig.sty
Package: trig 2021/08/11 v1.11 sin cos tan (DPC)
)
(C:\Users\Perso\AppData\Local\Programs\MiKTeX\tex/latex/graphics-cfg\graphics.c
fg
File: graphics.cfg 2016/06/04 v1.11 sample graphics configuration
)
Package graphics Info: Driver file: pdftex.def on input line 107.

(C:\Users\Perso\AppData\Local\Programs\MiKTeX\tex/latex/graphics-def\pdftex.def
File: pdftex.def 2022/09/22 v1.2b Graphics/color driver for pdftex
))
\Gin@req@height=\dimen158
\Gin@req@width=\dimen159
)
(C:\Users\Perso\AppData\Local\Programs\MiKTeX\tex/latex/doublestroke\dsfont.sty
Package: dsfont 1995/08/01 v0.1 Double stroke roman fonts
) (C:\Users\Perso\AppData\Local\Programs\MiKTeX\tex/latex/float\float.sty
Package: float 2001/11/08 v1.3d Float enhancements (AL)
\c@float@type=\count274
\float@exts=\toks31
\float@box=\box53
\@float@everytoks=\toks32
\@floatcapt=\box54
)
(C:\Users\Perso\AppData\Local\Programs\MiKTeX\tex/latex/hyperref\hyperref.sty
Package: hyperref 2023-02-07 v7.00v Hypertext links for LaTeX

(C:\Users\Perso\AppData\Local\Programs\MiKTeX\tex/generic/ltxcmds\ltxcmds.sty
Package: ltxcmds 2020-05-10 v1.25 LaTeX kernel commands for general use (HO)
)
(C:\Users\Perso\AppData\Local\Programs\MiKTeX\tex/generic/pdftexcmds\pdftexcmds
.sty
Package: pdftexcmds 2020-06-27 v0.33 Utility functions of pdfTeX for LuaTeX (HO
)

(C:\Users\Perso\AppData\Local\Programs\MiKTeX\tex/generic/infwarerr\infwarerr.s
ty
Package: infwarerr 2019/12/03 v1.5 Providing info/warning/error messages (HO)
)
Package pdftexcmds Info: \pdf@primitive is available.
Package pdftexcmds Info: \pdf@ifprimitive is available.
Package pdftexcmds Info: \pdfdraftmode found.
)
(C:\Users\Perso\AppData\Local\Programs\MiKTeX\tex/latex/kvsetkeys\kvsetkeys.sty
Package: kvsetkeys 2022-10-05 v1.19 Key value parser (HO)
)
(C:\Users\Perso\AppData\Local\Programs\MiKTeX\tex/generic/kvdefinekeys\kvdefine
keys.sty
Package: kvdefinekeys 2019-12-19 v1.6 Define keys (HO)
)
(C:\Users\Perso\AppData\Local\Programs\MiKTeX\tex/generic/pdfescape\pdfescape.s
ty
Package: pdfescape 2019/12/09 v1.15 Implements pdfTeX's escape features (HO)
) (C:\Users\Perso\AppData\Local\Programs\MiKTeX\tex/latex/hycolor\hycolor.sty
Package: hycolor 2020-01-27 v1.10 Color options for hyperref/bookmark (HO)
)
(C:\Users\Perso\AppData\Local\Programs\MiKTeX\tex/latex/letltxmacro\letltxmacro
.sty
Package: letltxmacro 2019/12/03 v1.6 Let assignment for LaTeX macros (HO)
)
(C:\Users\Perso\AppData\Local\Programs\MiKTeX\tex/latex/auxhook\auxhook.sty
Package: auxhook 2019-12-17 v1.6 Hooks for auxiliary files (HO)
)
(C:\Users\Perso\AppData\Local\Programs\MiKTeX\tex/latex/hyperref\nameref.sty
Package: nameref 2022-05-17 v2.50 Cross-referencing by name of section

(C:\Users\Perso\AppData\Local\Programs\MiKTeX\tex/latex/refcount\refcount.sty
Package: refcount 2019/12/15 v3.6 Data extraction from label references (HO)
)
(C:\Users\Perso\AppData\Local\Programs\MiKTeX\tex/generic/gettitlestring\gettit
lestring.sty
Package: gettitlestring 2019/12/15 v1.6 Cleanup title references (HO)

(C:\Users\Perso\AppData\Local\Programs\MiKTeX\tex/latex/kvoptions\kvoptions.sty
Package: kvoptions 2022-06-15 v3.15 Key value format for package options (HO)
))
\c@section@level=\count275
)
\@linkdim=\dimen160
\Hy@linkcounter=\count276
\Hy@pagecounter=\count277
 (C:\Users\Perso\AppData\Local\Programs\MiKTeX\tex/latex/hyperref\pd1enc.def
File: pd1enc.def 2023-02-07 v7.00v Hyperref: PDFDocEncoding definition (HO)
Now handling font encoding PD1 ...
... no UTF-8 mapping file for font encoding PD1
) (C:\Users\Perso\AppData\Local\Programs\MiKTeX\tex/generic/intcalc\intcalc.sty
Package: intcalc 2019/12/15 v1.3 Expandable calculations with integers (HO)
)
(C:\Users\Perso\AppData\Local\Programs\MiKTeX\tex/generic/etexcmds\etexcmds.sty
Package: etexcmds 2019/12/15 v1.7 Avoid name clashes with e-TeX commands (HO)
)
\Hy@SavedSpaceFactor=\count278
 (C:\Users\Perso\AppData\Local\Programs\MiKTeX\tex/latex/hyperref\puenc.def
File: puenc.def 2023-02-07 v7.00v Hyperref: PDF Unicode definition (HO)
Now handling font encoding PU ...
... no UTF-8 mapping file for font encoding PU
)
Package hyperref Info: Hyper figures OFF on input line 4177.
Package hyperref Info: Link nesting OFF on input line 4182.
Package hyperref Info: Hyper index ON on input line 4185.
Package hyperref Info: Plain pages OFF on input line 4192.
Package hyperref Info: Backreferencing OFF on input line 4197.
Package hyperref Info: Implicit mode ON; LaTeX internals redefined.
Package hyperref Info: Bookmarks ON on input line 4425.
\c@Hy@tempcnt=\count279

(C:\Users\Perso\AppData\Local\Programs\MiKTeX\tex/latex/url\url.sty
\Urlmuskip=\muskip17
Package: url 2013/09/16  ver 3.4  Verb mode for urls, etc.
)
LaTeX Info: Redefining \url on input line 4763.
\XeTeXLinkMargin=\dimen161

(C:\Users\Perso\AppData\Local\Programs\MiKTeX\tex/generic/bitset\bitset.sty
Package: bitset 2019/12/09 v1.3 Handle bit-vector datatype (HO)

(C:\Users\Perso\AppData\Local\Programs\MiKTeX\tex/generic/bigintcalc\bigintcalc
.sty
Package: bigintcalc 2019/12/15 v1.5 Expandable calculations on big integers (HO
)
))
\Fld@menulength=\count280
\Field@Width=\dimen162
\Fld@charsize=\dimen163
Package hyperref Info: Hyper figures OFF on input line 6042.
Package hyperref Info: Link nesting OFF on input line 6047.
Package hyperref Info: Hyper index ON on input line 6050.
Package hyperref Info: backreferencing OFF on input line 6057.
Package hyperref Info: Link coloring OFF on input line 6062.
Package hyperref Info: Link coloring with OCG OFF on input line 6067.
Package hyperref Info: PDF/A mode OFF on input line 6072.

(C:\Users\Perso\AppData\Local\Programs\MiKTeX\tex/latex/base\atbegshi-ltx.sty
Package: atbegshi-ltx 2021/01/10 v1.0c Emulation of the original atbegshi
package with kernel methods
)
\Hy@abspage=\count281
\c@Item=\count282
\c@Hfootnote=\count283
)
Package hyperref Info: Driver (autodetected): hpdftex.
(C:\Users\Perso\AppData\Local\Programs\MiKTeX\tex/latex/hyperref\hpdftex.def
File: hpdftex.def 2023-02-07 v7.00v Hyperref driver for pdfTeX

(C:\Users\Perso\AppData\Local\Programs\MiKTeX\tex/latex/base\atveryend-ltx.sty
Package: atveryend-ltx 2020/08/19 v1.0a Emulation of the original atveryend pac
kage
with kernel methods
)
\Fld@listcount=\count284
\c@bookmark@seq@number=\count285

(C:\Users\Perso\AppData\Local\Programs\MiKTeX\tex/latex/rerunfilecheck\rerunfil
echeck.sty
Package: rerunfilecheck 2022-07-10 v1.10 Rerun checks for auxiliary files (HO)

(C:\Users\Perso\AppData\Local\Programs\MiKTeX\tex/generic/uniquecounter\uniquec
ounter.sty
Package: uniquecounter 2019/12/15 v1.4 Provide unlimited unique counter (HO)
)
Package uniquecounter Info: New unique counter `rerunfilecheck' on input line 2
85.
)
\Hy@SectionHShift=\skip65
)
(C:\Users\Perso\AppData\Local\Programs\MiKTeX\tex/latex/tools\calc.sty
Package: calc 2017/05/25 v4.3 Infix arithmetic (KKT,FJ)
\calc@Acount=\count286
\calc@Bcount=\count287
\calc@Adimen=\dimen164
\calc@Bdimen=\dimen165
\calc@Askip=\skip66
\calc@Bskip=\skip67
LaTeX Info: Redefining \setlength on input line 80.
LaTeX Info: Redefining \addtolength on input line 81.
\calc@Ccount=\count288
\calc@Cskip=\skip68
)
(C:\Users\Perso\AppData\Local\Programs\MiKTeX\tex/latex/graphics\color.sty
Package: color 2022/01/06 v1.3d Standard LaTeX Color (DPC)

(C:\Users\Perso\AppData\Local\Programs\MiKTeX\tex/latex/graphics-cfg\color.cfg
File: color.cfg 2016/01/02 v1.6 sample color configuration
)
Package color Info: Driver file: pdftex.def on input line 149.
(C:\Users\Perso\AppData\Local\Programs\MiKTeX\tex/latex/graphics\mathcolor.ltx)
) (C:\Users\Perso\AppData\Local\Programs\MiKTeX\tex/latex/xcolor\xcolor.sty
Package: xcolor 2022/06/12 v2.14 LaTeX color extensions (UK)

(C:\Users\Perso\AppData\Local\Programs\MiKTeX\tex/latex/graphics-cfg\color.cfg
File: color.cfg 2016/01/02 v1.6 sample color configuration
)
Package xcolor Info: Driver file: pdftex.def on input line 227.
LaTeX Info: Redefining \color on input line 711.
(C:\Users\Perso\AppData\Local\Programs\MiKTeX\tex/latex/graphics\mathcolor.ltx)
Package xcolor Info: Model `cmy' substituted by `cmy0' on input line 1353.
Package xcolor Info: Model `hsb' substituted by `rgb' on input line 1357.
Package xcolor Info: Model `RGB' extended on input line 1369.
Package xcolor Info: Model `HTML' substituted by `rgb' on input line 1371.
Package xcolor Info: Model `Hsb' substituted by `hsb' on input line 1372.
Package xcolor Info: Model `tHsb' substituted by `hsb' on input line 1373.
Package xcolor Info: Model `HSB' substituted by `hsb' on input line 1374.
Package xcolor Info: Model `Gray' substituted by `gray' on input line 1375.
Package xcolor Info: Model `wave' substituted by `hsb' on input line 1376.
) (C:\Users\Perso\AppData\Local\Programs\MiKTeX\tex/generic/babel\babel.sty
Package: babel 2023/03/28 3.87 The Babel package
\babel@savecnt=\count289
\U@D=\dimen166
\l@unhyphenated=\language79

(C:\Users\Perso\AppData\Local\Programs\MiKTeX\tex/generic/babel\txtbabel.def)
\bbl@readstream=\read2
\bbl@dirlevel=\count290

*************************************
* Local config file bblopts.cfg used
*
(C:\Users\Perso\AppData\Local\Programs\MiKTeX\tex/latex/arabi\bblopts.cfg
File: bblopts.cfg 2005/09/08 v0.1 add Arabic and Farsi to "declared" options of
 babel
)
(C:\Users\Perso\AppData\Local\Programs\MiKTeX\tex/generic/babel-french\french.l
df
Language: french 2023/03/08 v3.5q French support from the babel system
Package babel Info: Hyphen rules for 'acadian' set to \l@french
(babel)             (\language22). Reported on input line 91.
Package babel Info: Hyphen rules for 'canadien' set to \l@french
(babel)             (\language22). Reported on input line 92.
\FB@nonchar=\count291
Package babel Info: Making : an active character on input line 395.
Package babel Info: Making ; an active character on input line 396.
Package babel Info: Making ! an active character on input line 397.
Package babel Info: Making ? an active character on input line 398.
\FBguill@level=\count292
\FBold@everypar=\toks33
\FB@Mht=\dimen167
\mc@charclass=\count293
\mc@charfam=\count294
\mc@charslot=\count295
\std@mcc=\count296
\dec@mcc=\count297
\FB@parskip=\dimen168
\listindentFB=\dimen169
\descindentFB=\dimen170
\labelindentFB=\dimen171
\labelwidthFB=\dimen172
\leftmarginFB=\dimen173
\parindentFFN=\dimen174
\FBfnindent=\dimen175
))
(C:\Users\Perso\AppData\Local\Programs\MiKTeX\tex/generic/babel/locale/fr\babel
-french.tex
Package babel Info: Importing font and identification data for french
(babel)             from babel-fr.ini. Reported on input line 11.
)
(C:\Users\Perso\AppData\Local\Programs\MiKTeX\tex/latex/carlisle\scalefnt.sty)
(C:\Users\Perso\AppData\Local\Programs\MiKTeX\tex/latex/listings\listings.sty
\lst@mode=\count298
\lst@gtempboxa=\box55
\lst@token=\toks34
\lst@length=\count299
\lst@currlwidth=\dimen176
\lst@column=\count300
\lst@pos=\count301
\lst@lostspace=\dimen177
\lst@width=\dimen178
\lst@newlines=\count302
\lst@lineno=\count303
\lst@maxwidth=\dimen179

(C:\Users\Perso\AppData\Local\Programs\MiKTeX\tex/latex/listings\lstmisc.sty
File: lstmisc.sty 2023/02/27 1.9 (Carsten Heinz)
\c@lstnumber=\count304
\lst@skipnumbers=\count305
\lst@framebox=\box56
)
(C:\Users\Perso\AppData\Local\Programs\MiKTeX\tex/latex/listings\listings.cfg
File: listings.cfg 2023/02/27 1.9 listings configuration
))
Package: listings 2023/02/27 1.9 (Carsten Heinz)
(C:\Users\Perso\AppData\Local\Programs\MiKTeX\tex/latex/listings\lstlang1.sty
File: lstlang1.sty 2023/02/27 1.9 listings language file
)
(C:\Users\Perso\AppData\Local\Programs\MiKTeX\tex/latex/listings\lstmisc.sty
File: lstmisc.sty 2023/02/27 1.9 (Carsten Heinz)
)
LaTeX Font Info:    Trying to load font information for T1+lmr on input line 78
.

(C:\Users\Perso\AppData\Local\Programs\MiKTeX\tex/latex/lm\t1lmr.fd
File: t1lmr.fd 2015/05/01 v1.6.1 Font defs for Latin Modern
)
(C:\Users\Perso\AppData\Local\Programs\MiKTeX\tex/latex/l3backend\l3backend-pdf
tex.def
File: l3backend-pdftex.def 2023-03-30 L3 backend support: PDF output (pdfTeX)
\l__color_backend_stack_int=\count306
\l__pdf_internal_box=\box57
) (rapport.aux)
\openout1 = `rapport.aux'.

LaTeX Font Info:    Checking defaults for OML/cmm/m/it on input line 78.
LaTeX Font Info:    ... okay on input line 78.
LaTeX Font Info:    Checking defaults for OMS/cmsy/m/n on input line 78.
LaTeX Font Info:    ... okay on input line 78.
LaTeX Font Info:    Checking defaults for OT1/cmr/m/n on input line 78.
LaTeX Font Info:    ... okay on input line 78.
LaTeX Font Info:    Checking defaults for T1/cmr/m/n on input line 78.
LaTeX Font Info:    ... okay on input line 78.
LaTeX Font Info:    Checking defaults for TS1/cmr/m/n on input line 78.
LaTeX Font Info:    ... okay on input line 78.
LaTeX Font Info:    Checking defaults for OMX/cmex/m/n on input line 78.
LaTeX Font Info:    ... okay on input line 78.
LaTeX Font Info:    Checking defaults for U/cmr/m/n on input line 78.
LaTeX Font Info:    ... okay on input line 78.
LaTeX Font Info:    Checking defaults for PD1/pdf/m/n on input line 78.
LaTeX Font Info:    ... okay on input line 78.
LaTeX Font Info:    Checking defaults for PU/pdf/m/n on input line 78.
LaTeX Font Info:    ... okay on input line 78.

*geometry* driver: auto-detecting
*geometry* detected driver: pdftex
*geometry* verbose mode - [ preamble ] result:
* driver: pdftex
* paper: a4paper
* layout: <same size as paper>
* layoutoffset:(h,v)=(0.0pt,0.0pt)
* modes: 
* h-part:(L,W,R)=(56.9055pt, 483.69687pt, 56.9055pt)
* v-part:(T,H,B)=(56.9055pt, 731.23584pt, 56.9055pt)
* \paperwidth=597.50787pt
* \paperheight=845.04684pt
* \textwidth=483.69687pt
* \textheight=731.23584pt
* \oddsidemargin=-15.36449pt
* \evensidemargin=-15.36449pt
* \topmargin=-52.36449pt
* \headheight=31.0pt
* \headsep=25.0pt
* \topskip=12.0pt
* \footskip=30.0pt
* \marginparwidth=44.0pt
* \marginparsep=10.0pt
* \columnsep=10.0pt
* \skip\footins=10.8pt plus 4.0pt minus 2.0pt
* \hoffset=0.0pt
* \voffset=0.0pt
* \mag=1000
* \@twocolumnfalse
* \@twosidefalse
* \@mparswitchfalse
* \@reversemarginfalse
* (1in=72.27pt=25.4mm, 1cm=28.453pt)


(C:\Users\Perso\AppData\Local\Programs\MiKTeX\tex/context/base/mkii\supp-pdf.mk
ii
[Loading MPS to PDF converter (version 2006.09.02).]
\scratchcounter=\count307
\scratchdimen=\dimen180
\scratchbox=\box58
\nofMPsegments=\count308
\nofMParguments=\count309
\everyMPshowfont=\toks35
\MPscratchCnt=\count310
\MPscratchDim=\dimen181
\MPnumerator=\count311
\makeMPintoPDFobject=\count312
\everyMPtoPDFconversion=\toks36
)
(C:\Users\Perso\AppData\Local\Programs\MiKTeX\tex/latex/epstopdf-pkg\epstopdf-b
ase.sty
Package: epstopdf-base 2020-01-24 v2.11 Base part for package epstopdf
Package epstopdf-base Info: Redefining graphics rule for `.eps' on input line 4
85.

(C:\Users\Perso\AppData\Local\Programs\MiKTeX\tex/latex/00miktex\epstopdf-sys.c
fg
File: epstopdf-sys.cfg 2021/03/18 v2.0 Configuration of epstopdf for MiKTeX
))
Package hyperref Info: Link coloring OFF on input line 78.
 (rapport.out) (rapport.out)
\@outlinefile=\write3
\openout3 = `rapport.out'.

LaTeX Info: Redefining \degres on input line 78.
LaTeX Info: Redefining \up on input line 78.
\c@lstlisting=\count313
<isima.png, id=47, 222.8325pt x 133.49875pt>
File: isima.png Graphic file (type png)
<use isima.png>
Package pdftex.def Info: isima.png  used on input line 83.
(pdftex.def)             Requested size: 133.70053pt x 80.09984pt.
<deco.jpg, id=48, 662.475pt x 496.85625pt>
File: deco.jpg Graphic file (type jpg)
<use deco.jpg>
Package pdftex.def Info: deco.jpg  used on input line 85.
(pdftex.def)             Requested size: 132.49265pt x 99.36948pt.
<garde.png, id=49, 1204.5pt x 313.9228pt>
File: garde.png Graphic file (type png)
<use garde.png>
Package pdftex.def Info: garde.png  used on input line 111.
(pdftex.def)             Requested size: 597.50787pt x 155.72997pt.
 [1

{C:/Users/Perso/AppData/Local/MiKTeX/fonts/map/pdftex/pdftex.map} <./isima.png>
 <./deco.jpg> <./garde.png (PNG copy)>]
(rapport.toc
LaTeX Font Info:    Trying to load font information for OT1+lmr on input line 7
.

(C:\Users\Perso\AppData\Local\Programs\MiKTeX\tex/latex/lm\ot1lmr.fd
File: ot1lmr.fd 2015/05/01 v1.6.1 Font defs for Latin Modern
)
LaTeX Font Info:    Trying to load font information for OML+lmm on input line 7
.

(C:\Users\Perso\AppData\Local\Programs\MiKTeX\tex/latex/lm\omllmm.fd
File: omllmm.fd 2015/05/01 v1.6.1 Font defs for Latin Modern
)
LaTeX Font Info:    Trying to load font information for OMS+lmsy on input line 
7.

(C:\Users\Perso\AppData\Local\Programs\MiKTeX\tex/latex/lm\omslmsy.fd
File: omslmsy.fd 2015/05/01 v1.6.1 Font defs for Latin Modern
)
LaTeX Font Info:    Trying to load font information for OMX+lmex on input line 
7.

(C:\Users\Perso\AppData\Local\Programs\MiKTeX\tex/latex/lm\omxlmex.fd
File: omxlmex.fd 2015/05/01 v1.6.1 Font defs for Latin Modern
)
LaTeX Font Info:    External font `lmex10' loaded for size
(Font)              <12> on input line 7.
LaTeX Font Info:    External font `lmex10' loaded for size
(Font)              <8> on input line 7.
LaTeX Font Info:    External font `lmex10' loaded for size
(Font)              <6> on input line 7.
LaTeX Font Info:    Trying to load font information for U+msa on input line 7.

(C:\Users\Perso\AppData\Local\Programs\MiKTeX\tex/latex/amsfonts\umsa.fd
File: umsa.fd 2013/01/14 v3.01 AMS symbols A
)
LaTeX Font Info:    Trying to load font information for U+msb on input line 7.

(C:\Users\Perso\AppData\Local\Programs\MiKTeX\tex/latex/amsfonts\umsb.fd
File: umsb.fd 2013/01/14 v3.01 AMS symbols B
))
\tf@toc=\write4
\openout4 = `rapport.toc'.

<header.png, id=73, 222.8325pt x 133.49875pt>
File: header.png Graphic file (type png)
<use header.png>
Package pdftex.def Info: header.png  used on input line 165.
(pdftex.def)             Requested size: 62.39267pt x 37.37938pt.


Package fancyhdr Warning: \headheight is too small (31.0pt): 
(fancyhdr)                Make it at least 41.72942pt, for example:
(fancyhdr)                \setlength{\headheight}{41.72942pt}.
(fancyhdr)                You might also make \topmargin smaller to compensate:

(fancyhdr)                \addtolength{\topmargin}{-10.72942pt}.


pdfTeX warning (ext4): destination with the same identifier (name{page.1}) has 
been already used, duplicate ignored
<to be read again> 
                   \relax 
l.165 \newpage
               [1 <./header.png>]
<analyse.png, id=81, 1291.82625pt x 693.59125pt>
File: analyse.png Graphic file (type png)
<use analyse.png>
Package pdftex.def Info: analyse.png  used on input line 194.
(pdftex.def)             Requested size: 516.72134pt x 277.43158pt.

Overfull \hbox (33.02448pt too wide) in paragraph at lines 194--195
 [][] 
 []


Underfull \hbox (badness 10000) in paragraph at lines 200--202

 []

File: header.png Graphic file (type png)
<use header.png>
Package pdftex.def Info: header.png  used on input line 202.
(pdftex.def)             Requested size: 62.39267pt x 37.37938pt.

Package fancyhdr Warning: \headheight is too small (31.0pt): 
(fancyhdr)                Make it at least 41.72942pt, for example:
(fancyhdr)                \setlength{\headheight}{41.72942pt}.
(fancyhdr)                You might also make \topmargin smaller to compensate:

(fancyhdr)                \addtolength{\topmargin}{-10.72942pt}.

[2 <./analyse.png>]
Underfull \hbox (badness 10000) in paragraph at lines 203--205

 []


Underfull \hbox (badness 10000) in paragraph at lines 207--209

 []

<mp.png, id=91, 599.23875pt x 362.35374pt>
File: mp.png Graphic file (type png)
<use mp.png>
Package pdftex.def Info: mp.png  used on input line 217.
(pdftex.def)             Requested size: 299.61864pt x 181.17642pt.
<single.png, id=92, 343.2825pt x 234.27525pt>
File: single.png Graphic file (type png)
<use single.png>
Package pdftex.def Info: single.png  used on input line 233.
(pdftex.def)             Requested size: 171.64082pt x 117.13733pt.
File: header.png Graphic file (type png)
<use header.png>
Package pdftex.def Info: header.png  used on input line 236.
(pdftex.def)             Requested size: 62.39267pt x 37.37938pt.

Package fancyhdr Warning: \headheight is too small (31.0pt): 
(fancyhdr)                Make it at least 41.72942pt, for example:
(fancyhdr)                \setlength{\headheight}{41.72942pt}.
(fancyhdr)                You might also make \topmargin smaller to compensate:

(fancyhdr)                \addtolength{\topmargin}{-10.72942pt}.

[3 <./mp.png>]
<map.png, id=100, 172.84575pt x 89.73524pt>
File: map.png Graphic file (type png)
<use map.png>
Package pdftex.def Info: map.png  used on input line 243.
(pdftex.def)             Requested size: 172.8453pt x 89.735pt.
<ite.png, id=101, 712.6625pt x 436.63126pt>
File: ite.png Graphic file (type png)
<use ite.png>
Package pdftex.def Info: ite.png  used on input line 254.
(pdftex.def)             Requested size: 427.6008pt x 261.98077pt.
File: header.png Graphic file (type png)
<use header.png>
Package pdftex.def Info: header.png  used on input line 257.
(pdftex.def)             Requested size: 62.39267pt x 37.37938pt.


Package fancyhdr Warning: \headheight is too small (31.0pt): 
(fancyhdr)                Make it at least 41.72942pt, for example:
(fancyhdr)                \setlength{\headheight}{41.72942pt}.
(fancyhdr)                You might also make \topmargin smaller to compensate:

(fancyhdr)                \addtolength{\topmargin}{-10.72942pt}.

[4 <./single.png> <./map.png>]
Underfull \hbox (badness 10000) in paragraph at lines 258--260

 []


Underfull \hbox (badness 10000) in paragraph at lines 267--269

 []

<gantt.png, id=111, 1371.62437pt x 246.1697pt>
File: gantt.png Graphic file (type png)
<use gantt.png>
Package pdftex.def Info: gantt.png  used on input line 274.
(pdftex.def)             Requested size: 480.07573pt x 86.16068pt.
<ganntreel.png, id=112, 1907.125pt x 551.05875pt>
File: ganntreel.png Graphic file (type png)
<use ganntreel.png>
Package pdftex.def Info: ganntreel.png  used on input line 280.
(pdftex.def)             Requested size: 543.53629pt x 157.05336pt.

Overfull \hbox (59.83942pt too wide) in paragraph at lines 280--281
 [][] 
 []

File: header.png Graphic file (type png)
<use header.png>
Package pdftex.def Info: header.png  used on input line 283.
(pdftex.def)             Requested size: 62.39267pt x 37.37938pt.

Package fancyhdr Warning: \headheight is too small (31.0pt): 
(fancyhdr)                Make it at least 41.72942pt, for example:
(fancyhdr)                \setlength{\headheight}{41.72942pt}.
(fancyhdr)                You might also make \topmargin smaller to compensate:

(fancyhdr)                \addtolength{\topmargin}{-10.72942pt}.

[5 <./ite.png> <./gantt.png>] (rapport.lof)
\tf@lof=\write5
\openout5 = `rapport.lof'.

File: header.png Graphic file (type png)
<use header.png>
Package pdftex.def Info: header.png  used on input line 296.
(pdftex.def)             Requested size: 62.39267pt x 37.37938pt.


Package fancyhdr Warning: \headheight is too small (31.0pt): 
(fancyhdr)                Make it at least 41.72942pt, for example:
(fancyhdr)                \setlength{\headheight}{41.72942pt}.
(fancyhdr)                You might also make \topmargin smaller to compensate:

(fancyhdr)                \addtolength{\topmargin}{-10.72942pt}.

[6 <./ganntreel.png>] 
enddocument/afterlastpage: lastpage setting LastPage.
(rapport.aux)
Package rerunfilecheck Info: File `rapport.out' has not changed.
(rerunfilecheck)             Checksum: 96D5973340770A42001EF74AEFA71C8A;1317.
 ) 
Here is how much of TeX's memory you used:
 14505 strings out of 476326
 230202 string characters out of 5787723
 1859660 words of memory out of 5000000
 34664 multiletter control sequences out of 15000+600000
 565661 words of font info for 63 fonts, out of 8000000 for 9000
 1141 hyphenation exceptions out of 8191
 75i,15n,76p,995b,493s stack positions out of 10000i,1000n,20000p,200000b,200000s
{C:/Users/Perso/AppData/Local/Programs/MiKTeX/fonts/enc/dvips/lm/lm-ec.enc}<C
:/Users/Perso/AppData/Local/Programs/MiKTeX/fonts/type1/public/lm/lmbx10.pfb><C
:/Users/Perso/AppData/Local/Programs/MiKTeX/fonts/type1/public/lm/lmbx12.pfb><C
:/Users/Perso/AppData/Local/Programs/MiKTeX/fonts/type1/public/lm/lmcsc10.pfb><
C:/Users/Perso/AppData/Local/Programs/MiKTeX/fonts/type1/public/lm/lmr10.pfb><C
:/Users/Perso/AppData/Local/Programs/MiKTeX/fonts/type1/public/lm/lmr12.pfb><C:
/Users/Perso/AppData/Local/Programs/MiKTeX/fonts/type1/public/lm/lmr17.pfb><C:/
Users/Perso/AppData/Local/Programs/MiKTeX/fonts/type1/public/lm/lmri12.pfb>
Output written on rapport.pdf (7 pages, 687306 bytes).
PDF statistics:
 176 PDF objects out of 1000 (max. 8388607)
 27 named destinations out of 1000 (max. 500000)
 144 words of extra memory for PDF output out of 10000 (max. 10000000)

